<?xml version="1.0" encoding="UTF-8"?>
<!-- Generated by org.testng.reporters.JUnitXMLReporter -->
<testsuite hostname="Aarush-PC" name="Driver Script Suite 1" tests="1" failures="1" timestamp="13 Jul 2016 12:36:37 GMT" time="0.356" errors="0">
  <testcase name="testApp" time="0.329" classname="testApps.DriverApp">
    <failure type="java.lang.NullPointerException">
      <![CDATA[java.lang.NullPointerException
	at testReports.TestReports.addTestCase(TestReports.java:332)
	at testApps.DriverApp.testApp(DriverApp.java:259)
... Removed 25 stack frames]]>
    </failure>
  </testcase> <!-- testApp -->
</testsuite> <!-- Driver Script Suite 1 -->
